<?xml version="1.0" encoding="UTF-8"?>
<!-- Generated by org.testng.reporters.JUnitReportReporter -->
<testsuite hostname="LAPTOP-4NVF0J5C" failures="0" tests="10" name="testClasses.test" time="14.218" errors="0" timestamp="2022-02-18T22:54:26 IST" skipped="2">
  <testcase classname="testClasses.test" name="VerifyTimeTrackPage" time="1.582"/>
  <system-out/>
  <testcase classname="testClasses.test" name="LoginTitleVerify" time="4.560"/>
  <system-out/>
  <testcase classname="testClasses.test" name="VerifytitleTaskPage" time="1.126"/>
  <system-out/>
  <testcase classname="testClasses.test" name="VerifyTimeTrackPage" time="0.795"/>
  <system-out/>
  <testcase classname="testClasses.test" name="VerifytitleTaskPage" time="1.599"/>
  <system-out/>
  <testcase classname="testClasses.test" name="LoginTitleVerify" time="1.494"/>
  <system-out/>
  <testcase classname="testClasses.test" name="Timeout0" time="1.565"/>
  <system-out/>
  <testcase classname="testClasses.test" name="Timeout0" time="1.497"/>
  <system-out/>
  <testcase classname="testClasses.test" name="VerifyLoginButtenText">
    <skipped/>
  </testcase> <!-- VerifyLoginButtenText -->
  <system-out/>
  <testcase classname="testClasses.test" name="VerifyLoginButtenText">
    <skipped/>
  </testcase> <!-- VerifyLoginButtenText -->
  <system-out/>
</testsuite> <!-- testClasses.test -->
