<?xml version="1.0" encoding="UTF-8"?>
<!-- Generated by org.testng.reporters.JUnitReportReporter -->
<testsuite hostname="LAPTOP-4NVF0J5C" failures="0" tests="10" name="testClasses.HeaderTest" time="16.724" errors="0" timestamp="2022-02-18T22:54:26 IST" skipped="0">
  <testcase classname="testClasses.HeaderTest" name="verifyUrlUsagerPage" time="1.259"/>
  <system-out/>
  <testcase classname="testClasses.HeaderTest" name="VerifyTimeTrackPage" time="0.913"/>
  <system-out/>
  <testcase classname="testClasses.HeaderTest" name="TitleTaskPage" time="1.966"/>
  <system-out/>
  <testcase classname="testClasses.HeaderTest" name="TitleTaskPage" time="3.917"/>
  <system-out/>
  <testcase classname="testClasses.HeaderTest" name="URLTaskButten" time="0.909"/>
  <system-out/>
  <testcase classname="testClasses.HeaderTest" name="URLTaskButten" time="1.200"/>
  <system-out/>
  <testcase classname="testClasses.HeaderTest" name="VerifyTimeTrackPage" time="1.171"/>
  <system-out/>
  <testcase classname="testClasses.HeaderTest" name="verifyUrlUsagerPage" time="1.953"/>
  <system-out/>
  <testcase classname="testClasses.HeaderTest" name="Timeout" time="1.424"/>
  <system-out/>
  <testcase classname="testClasses.HeaderTest" name="Timeout" time="2.012"/>
  <system-out/>
</testsuite> <!-- testClasses.HeaderTest -->
